빌드 시작: 2013-11-12 오후 12:09:06
     1>2 노드의 "C:\Users\Ronzo\Desktop\sherlock\Main\Main.vcxproj" 프로젝트(build 대상)입니다.
     1>InitializeBuildStatus:
         "Debug\Main.unsuccessfulbuild"에 연결(touching)하고 있습니다.
       ClCompile:
         모든 출력이 최신 상태입니다.
         모든 출력이 최신 상태입니다.
       ResourceCompile:
         모든 출력이 최신 상태입니다.
       Link:
         C:\Program Files\Microsoft Visual Studio 10.0\VC\bin\link.exe /ERRORREPORT:PROMPT /OUT:"C:\Users\Ronzo\Desktop\sherlock\Debug\Main.exe" /INCREMENTAL /NOLOGO /MANIFEST /ManifestFile:"Debug\Main.exe.intermediate.manifest" /MANIFESTUAC:"level='asInvoker' uiAccess='false'" /DEBUG /PDB:"C:\Users\Ronzo\Desktop\sherlock\Debug\Main.pdb" /SUBSYSTEM:WINDOWS /TLBID:1 /DYNAMICBASE /NXCOMPAT /IMPLIB:"C:\Users\Ronzo\Desktop\sherlock\Debug\Main.lib" /MACHINE:X86 Debug\Main.res
         Debug\BitmapSlider.obj
         Debug\CnewpasswardDlg.obj
         Debug\CreatePassword.obj
         Debug\Crypt.obj
         Debug\DIALOG1.obj
         Debug\FileCompare.obj
         Debug\FileCompareDlg.obj
         Debug\fileTreat.obj
         Debug\FWAES.obj
         Debug\FWCrypt.obj
         Debug\JHBitmapButton.obj
         Debug\JHCListCtrl.obj
         Debug\JHPicture.obj
         Debug\Main.obj
         Debug\MainDlg.obj
         Debug\ModifyPassword.obj
         Debug\password.obj
         Debug\passwordDlg.obj
         Debug\PasswordMain.obj
         Debug\SAVE.obj
         Debug\SearchDlg.obj
         Debug\Sort.obj
         Debug\stdafx.obj
     1>LINK : warning LNK4098: 'MSVCRT' defaultlib가 다른 라이브러리와 충돌합니다. /NODEFAULTLIB:library를 사용하십시오.
     1>LINK : fatal error LNK1123: COFF로 변환하는 동안 오류가 발생했습니다. 파일이 잘못되었거나 손상되었습니다.
     1>"C:\Users\Ronzo\Desktop\sherlock\Main\Main.vcxproj" 프로젝트를 빌드했습니다(build 대상). - 실패

빌드하지 못했습니다.

경과 시간: 00:00:00.14
