C:\USERS\ADMINISTRATOR\DESKTOP\SHERLOCK MAINBOARD\MAIN\RELEASE\CNEWPASSWARDDLG.OBJ
C:\USERS\ADMINISTRATOR\DESKTOP\SHERLOCK MAINBOARD\MAIN\RELEASE\CREATEPASSWORD.OBJ
C:\USERS\ADMINISTRATOR\DESKTOP\SHERLOCK MAINBOARD\MAIN\RELEASE\CRYPT.OBJ
C:\USERS\ADMINISTRATOR\DESKTOP\SHERLOCK MAINBOARD\MAIN\RELEASE\DIALOG1.OBJ
C:\USERS\ADMINISTRATOR\DESKTOP\SHERLOCK MAINBOARD\MAIN\RELEASE\FILECOMPARE.OBJ
C:\USERS\ADMINISTRATOR\DESKTOP\SHERLOCK MAINBOARD\MAIN\RELEASE\FILECOMPAREDLG.OBJ
C:\USERS\ADMINISTRATOR\DESKTOP\SHERLOCK MAINBOARD\MAIN\RELEASE\FILETREAT.OBJ
C:\USERS\ADMINISTRATOR\DESKTOP\SHERLOCK MAINBOARD\MAIN\RELEASE\FWAES.OBJ
C:\USERS\ADMINISTRATOR\DESKTOP\SHERLOCK MAINBOARD\MAIN\RELEASE\FWCRYPT.OBJ
C:\USERS\ADMINISTRATOR\DESKTOP\SHERLOCK MAINBOARD\MAIN\RELEASE\JHBITMAPBUTTON.OBJ
C:\USERS\ADMINISTRATOR\DESKTOP\SHERLOCK MAINBOARD\MAIN\RELEASE\JHCLISTCTRL.OBJ
C:\USERS\ADMINISTRATOR\DESKTOP\SHERLOCK MAINBOARD\MAIN\RELEASE\JHPICTURE.OBJ
C:\USERS\ADMINISTRATOR\DESKTOP\SHERLOCK MAINBOARD\MAIN\RELEASE\MAIN.EXE.INTERMEDIATE.MANIFEST
C:\USERS\ADMINISTRATOR\DESKTOP\SHERLOCK MAINBOARD\MAIN\RELEASE\MAIN.OBJ
C:\USERS\ADMINISTRATOR\DESKTOP\SHERLOCK MAINBOARD\MAIN\RELEASE\MAIN.RES
C:\USERS\ADMINISTRATOR\DESKTOP\SHERLOCK MAINBOARD\MAIN\RELEASE\MAINDLG.OBJ
C:\USERS\ADMINISTRATOR\DESKTOP\SHERLOCK MAINBOARD\MAIN\RELEASE\MODIFYPASSWORD.OBJ
C:\USERS\ADMINISTRATOR\DESKTOP\SHERLOCK MAINBOARD\MAIN\RELEASE\PASSWORD.OBJ
C:\USERS\ADMINISTRATOR\DESKTOP\SHERLOCK MAINBOARD\MAIN\RELEASE\PASSWORDDLG.OBJ
C:\USERS\ADMINISTRATOR\DESKTOP\SHERLOCK MAINBOARD\MAIN\RELEASE\PASSWORDMAIN.OBJ
C:\USERS\ADMINISTRATOR\DESKTOP\SHERLOCK MAINBOARD\MAIN\RELEASE\SAVE.OBJ
C:\USERS\ADMINISTRATOR\DESKTOP\SHERLOCK MAINBOARD\MAIN\RELEASE\SEARCHDLG.OBJ
C:\USERS\ADMINISTRATOR\DESKTOP\SHERLOCK MAINBOARD\MAIN\RELEASE\SORT.OBJ
C:\USERS\ADMINISTRATOR\DESKTOP\SHERLOCK MAINBOARD\MAIN\RELEASE\STDAFX.OBJ
C:\USERS\ADMINISTRATOR\DESKTOP\SHERLOCK MAINBOARD\MAIN\RELEASE\VC100.PDB
C:\USERS\ADMINISTRATOR\DESKTOP\SHERLOCK MAINBOARD\RELEASE\MAIN.EXE
C:\USERS\ADMINISTRATOR\DESKTOP\SHERLOCK MAINBOARD\RELEASE\MAIN.PDB
C:\Users\ParkJinHyeok\Desktop\sherlock mainboard 통합본\Main\Release\BitmapSlider.obj
C:\Users\ParkJinHyeok\Desktop\sherlock mainboard 통합본\Main\Release\cl.command.1.tlog
C:\Users\ParkJinHyeok\Desktop\sherlock mainboard 통합본\Main\Release\CL.read.1.tlog
C:\Users\ParkJinHyeok\Desktop\sherlock mainboard 통합본\Main\Release\CL.write.1.tlog
C:\USERS\PARKJINHYEOK\DESKTOP\SHERLOCK MAINBOARD 통합본\MAIN\RELEASE\CNEWPASSWARDDLG.OBJ
C:\USERS\PARKJINHYEOK\DESKTOP\SHERLOCK MAINBOARD 통합본\MAIN\RELEASE\CREATEPASSWORD.OBJ
C:\USERS\PARKJINHYEOK\DESKTOP\SHERLOCK MAINBOARD 통합본\MAIN\RELEASE\CRYPT.OBJ
C:\USERS\PARKJINHYEOK\DESKTOP\SHERLOCK MAINBOARD 통합본\MAIN\RELEASE\DIALOG1.OBJ
C:\USERS\PARKJINHYEOK\DESKTOP\SHERLOCK MAINBOARD 통합본\MAIN\RELEASE\FILECOMPARE.OBJ
C:\USERS\PARKJINHYEOK\DESKTOP\SHERLOCK MAINBOARD 통합본\MAIN\RELEASE\FILECOMPAREDLG.OBJ
C:\USERS\PARKJINHYEOK\DESKTOP\SHERLOCK MAINBOARD 통합본\MAIN\RELEASE\FILETREAT.OBJ
C:\USERS\PARKJINHYEOK\DESKTOP\SHERLOCK MAINBOARD 통합본\MAIN\RELEASE\FWAES.OBJ
C:\USERS\PARKJINHYEOK\DESKTOP\SHERLOCK MAINBOARD 통합본\MAIN\RELEASE\FWCRYPT.OBJ
C:\USERS\PARKJINHYEOK\DESKTOP\SHERLOCK MAINBOARD 통합본\MAIN\RELEASE\JHBITMAPBUTTON.OBJ
C:\USERS\PARKJINHYEOK\DESKTOP\SHERLOCK MAINBOARD 통합본\MAIN\RELEASE\JHCLISTCTRL.OBJ
C:\USERS\PARKJINHYEOK\DESKTOP\SHERLOCK MAINBOARD 통합본\MAIN\RELEASE\JHPICTURE.OBJ
C:\Users\ParkJinHyeok\Desktop\sherlock mainboard 통합본\Main\Release\link.command.1.tlog
C:\Users\ParkJinHyeok\Desktop\sherlock mainboard 통합본\Main\Release\link.read.1.tlog
C:\Users\ParkJinHyeok\Desktop\sherlock mainboard 통합본\Main\Release\link.write.1.tlog
C:\Users\ParkJinHyeok\Desktop\sherlock mainboard 통합본\Main\Release\link-cvtres.read.1.tlog
C:\Users\ParkJinHyeok\Desktop\sherlock mainboard 통합본\Main\Release\link-cvtres.write.1.tlog
C:\USERS\PARKJINHYEOK\DESKTOP\SHERLOCK MAINBOARD 통합본\MAIN\RELEASE\MAIN.EXE.INTERMEDIATE.MANIFEST
C:\USERS\PARKJINHYEOK\DESKTOP\SHERLOCK MAINBOARD 통합본\MAIN\RELEASE\MAIN.OBJ
C:\USERS\PARKJINHYEOK\DESKTOP\SHERLOCK MAINBOARD 통합본\MAIN\RELEASE\MAIN.PCH
C:\USERS\PARKJINHYEOK\DESKTOP\SHERLOCK MAINBOARD 통합본\MAIN\RELEASE\MAIN.RES
C:\USERS\PARKJINHYEOK\DESKTOP\SHERLOCK MAINBOARD 통합본\MAIN\RELEASE\MAINDLG.OBJ
C:\USERS\PARKJINHYEOK\DESKTOP\SHERLOCK MAINBOARD 통합본\MAIN\RELEASE\MODIFYPASSWORD.OBJ
C:\Users\ParkJinHyeok\Desktop\sherlock mainboard 통합본\Main\Release\mt.command.1.tlog
C:\Users\ParkJinHyeok\Desktop\sherlock mainboard 통합본\Main\Release\mt.read.1.tlog
C:\Users\ParkJinHyeok\Desktop\sherlock mainboard 통합본\Main\Release\mt.write.1.tlog
C:\USERS\PARKJINHYEOK\DESKTOP\SHERLOCK MAINBOARD 통합본\MAIN\RELEASE\PASSWORD.OBJ
C:\USERS\PARKJINHYEOK\DESKTOP\SHERLOCK MAINBOARD 통합본\MAIN\RELEASE\PASSWORDDLG.OBJ
C:\USERS\PARKJINHYEOK\DESKTOP\SHERLOCK MAINBOARD 통합본\MAIN\RELEASE\PASSWORDMAIN.OBJ
C:\Users\ParkJinHyeok\Desktop\sherlock mainboard 통합본\Main\Release\rc.command.1.tlog
C:\Users\ParkJinHyeok\Desktop\sherlock mainboard 통합본\Main\Release\rc.read.1.tlog
C:\Users\ParkJinHyeok\Desktop\sherlock mainboard 통합본\Main\Release\rc.write.1.tlog
C:\USERS\PARKJINHYEOK\DESKTOP\SHERLOCK MAINBOARD 통합본\MAIN\RELEASE\SAVE.OBJ
C:\USERS\PARKJINHYEOK\DESKTOP\SHERLOCK MAINBOARD 통합본\MAIN\RELEASE\SEARCHDLG.OBJ
C:\USERS\PARKJINHYEOK\DESKTOP\SHERLOCK MAINBOARD 통합본\MAIN\RELEASE\SORT.OBJ
C:\USERS\PARKJINHYEOK\DESKTOP\SHERLOCK MAINBOARD 통합본\MAIN\RELEASE\STDAFX.OBJ
C:\USERS\PARKJINHYEOK\DESKTOP\SHERLOCK MAINBOARD 통합본\MAIN\RELEASE\VC100.PDB
C:\USERS\PARKJINHYEOK\DESKTOP\SHERLOCK MAINBOARD 통합본\RELEASE\MAIN.EXE
C:\USERS\PARKJINHYEOK\DESKTOP\SHERLOCK MAINBOARD 통합본\RELEASE\MAIN.PDB
C:\USERS\PARKJINHYEOK\DESKTOP\SHERLOCK MAINBOARD\MAIN\RELEASE\CNEWPASSWARDDLG.OBJ
C:\USERS\PARKJINHYEOK\DESKTOP\SHERLOCK MAINBOARD\MAIN\RELEASE\CREATEPASSWORD.OBJ
C:\USERS\PARKJINHYEOK\DESKTOP\SHERLOCK MAINBOARD\MAIN\RELEASE\CRYPT.OBJ
C:\USERS\PARKJINHYEOK\DESKTOP\SHERLOCK MAINBOARD\MAIN\RELEASE\DIALOG1.OBJ
C:\USERS\PARKJINHYEOK\DESKTOP\SHERLOCK MAINBOARD\MAIN\RELEASE\FILECOMPARE.OBJ
C:\USERS\PARKJINHYEOK\DESKTOP\SHERLOCK MAINBOARD\MAIN\RELEASE\FILECOMPAREDLG.OBJ
C:\USERS\PARKJINHYEOK\DESKTOP\SHERLOCK MAINBOARD\MAIN\RELEASE\FILETREAT.OBJ
C:\USERS\PARKJINHYEOK\DESKTOP\SHERLOCK MAINBOARD\MAIN\RELEASE\FWAES.OBJ
C:\USERS\PARKJINHYEOK\DESKTOP\SHERLOCK MAINBOARD\MAIN\RELEASE\FWCRYPT.OBJ
C:\USERS\PARKJINHYEOK\DESKTOP\SHERLOCK MAINBOARD\MAIN\RELEASE\JHBITMAPBUTTON.OBJ
C:\USERS\PARKJINHYEOK\DESKTOP\SHERLOCK MAINBOARD\MAIN\RELEASE\JHCLISTCTRL.OBJ
C:\USERS\PARKJINHYEOK\DESKTOP\SHERLOCK MAINBOARD\MAIN\RELEASE\JHPICTURE.OBJ
C:\USERS\PARKJINHYEOK\DESKTOP\SHERLOCK MAINBOARD\MAIN\RELEASE\MAIN.EXE.INTERMEDIATE.MANIFEST
C:\USERS\PARKJINHYEOK\DESKTOP\SHERLOCK MAINBOARD\MAIN\RELEASE\MAIN.OBJ
C:\USERS\PARKJINHYEOK\DESKTOP\SHERLOCK MAINBOARD\MAIN\RELEASE\MAIN.PCH
C:\USERS\PARKJINHYEOK\DESKTOP\SHERLOCK MAINBOARD\MAIN\RELEASE\MAIN.RES
C:\USERS\PARKJINHYEOK\DESKTOP\SHERLOCK MAINBOARD\MAIN\RELEASE\MAINDLG.OBJ
C:\USERS\PARKJINHYEOK\DESKTOP\SHERLOCK MAINBOARD\MAIN\RELEASE\MODIFYPASSWORD.OBJ
C:\USERS\PARKJINHYEOK\DESKTOP\SHERLOCK MAINBOARD\MAIN\RELEASE\PASSWORD.OBJ
C:\USERS\PARKJINHYEOK\DESKTOP\SHERLOCK MAINBOARD\MAIN\RELEASE\PASSWORDDLG.OBJ
C:\USERS\PARKJINHYEOK\DESKTOP\SHERLOCK MAINBOARD\MAIN\RELEASE\PASSWORDMAIN.OBJ
C:\USERS\PARKJINHYEOK\DESKTOP\SHERLOCK MAINBOARD\MAIN\RELEASE\SAVE.OBJ
C:\USERS\PARKJINHYEOK\DESKTOP\SHERLOCK MAINBOARD\MAIN\RELEASE\SEARCHDLG.OBJ
C:\USERS\PARKJINHYEOK\DESKTOP\SHERLOCK MAINBOARD\MAIN\RELEASE\SORT.OBJ
C:\USERS\PARKJINHYEOK\DESKTOP\SHERLOCK MAINBOARD\MAIN\RELEASE\STDAFX.OBJ
C:\USERS\PARKJINHYEOK\DESKTOP\SHERLOCK MAINBOARD\MAIN\RELEASE\VC100.PDB
C:\USERS\PARKJINHYEOK\DESKTOP\SHERLOCK MAINBOARD\RELEASE\MAIN.EXE
C:\USERS\PARKJINHYEOK\DESKTOP\SHERLOCK MAINBOARD\RELEASE\MAIN.PDB
C:\USERS\RONZO\DESKTOP\SHERLOCK MAINBOARD\MAIN\RELEASE\CNEWPASSWARDDLG.OBJ
C:\USERS\RONZO\DESKTOP\SHERLOCK MAINBOARD\MAIN\RELEASE\CREATEPASSWORD.OBJ
C:\USERS\RONZO\DESKTOP\SHERLOCK MAINBOARD\MAIN\RELEASE\CRYPT.OBJ
C:\USERS\RONZO\DESKTOP\SHERLOCK MAINBOARD\MAIN\RELEASE\DIALOG1.OBJ
C:\USERS\RONZO\DESKTOP\SHERLOCK MAINBOARD\MAIN\RELEASE\FILECOMPARE.OBJ
C:\USERS\RONZO\DESKTOP\SHERLOCK MAINBOARD\MAIN\RELEASE\FILECOMPAREDLG.OBJ
C:\USERS\RONZO\DESKTOP\SHERLOCK MAINBOARD\MAIN\RELEASE\FILETREAT.OBJ
C:\USERS\RONZO\DESKTOP\SHERLOCK MAINBOARD\MAIN\RELEASE\FWAES.OBJ
C:\USERS\RONZO\DESKTOP\SHERLOCK MAINBOARD\MAIN\RELEASE\FWCRYPT.OBJ
C:\USERS\RONZO\DESKTOP\SHERLOCK MAINBOARD\MAIN\RELEASE\JHBITMAPBUTTON.OBJ
C:\USERS\RONZO\DESKTOP\SHERLOCK MAINBOARD\MAIN\RELEASE\JHCLISTCTRL.OBJ
C:\USERS\RONZO\DESKTOP\SHERLOCK MAINBOARD\MAIN\RELEASE\JHPICTURE.OBJ
C:\USERS\RONZO\DESKTOP\SHERLOCK MAINBOARD\MAIN\RELEASE\MAIN.EXE.INTERMEDIATE.MANIFEST
C:\USERS\RONZO\DESKTOP\SHERLOCK MAINBOARD\MAIN\RELEASE\MAIN.OBJ
C:\USERS\RONZO\DESKTOP\SHERLOCK MAINBOARD\MAIN\RELEASE\MAIN.PCH
C:\USERS\RONZO\DESKTOP\SHERLOCK MAINBOARD\MAIN\RELEASE\MAIN.RES
C:\USERS\RONZO\DESKTOP\SHERLOCK MAINBOARD\MAIN\RELEASE\MAINDLG.OBJ
C:\USERS\RONZO\DESKTOP\SHERLOCK MAINBOARD\MAIN\RELEASE\MODIFYPASSWORD.OBJ
C:\USERS\RONZO\DESKTOP\SHERLOCK MAINBOARD\MAIN\RELEASE\PASSWORD.OBJ
C:\USERS\RONZO\DESKTOP\SHERLOCK MAINBOARD\MAIN\RELEASE\PASSWORDDLG.OBJ
C:\USERS\RONZO\DESKTOP\SHERLOCK MAINBOARD\MAIN\RELEASE\PASSWORDMAIN.OBJ
C:\USERS\RONZO\DESKTOP\SHERLOCK MAINBOARD\MAIN\RELEASE\SAVE.OBJ
C:\USERS\RONZO\DESKTOP\SHERLOCK MAINBOARD\MAIN\RELEASE\SEARCHDLG.OBJ
C:\USERS\RONZO\DESKTOP\SHERLOCK MAINBOARD\MAIN\RELEASE\SORT.OBJ
C:\USERS\RONZO\DESKTOP\SHERLOCK MAINBOARD\MAIN\RELEASE\STDAFX.OBJ
C:\USERS\RONZO\DESKTOP\SHERLOCK MAINBOARD\MAIN\RELEASE\VC100.PDB
C:\USERS\RONZO\DESKTOP\SHERLOCK MAINBOARD\RELEASE\MAIN.EXE
C:\USERS\RONZO\DESKTOP\SHERLOCK MAINBOARD\RELEASE\MAIN.PDB
C:\USERS\한창희\DESKTOP\SHERLOCK MAINBOARD 통합본\MAIN\RELEASE\CNEWPASSWARDDLG.OBJ
C:\USERS\한창희\DESKTOP\SHERLOCK MAINBOARD 통합본\MAIN\RELEASE\CREATEPASSWORD.OBJ
C:\USERS\한창희\DESKTOP\SHERLOCK MAINBOARD 통합본\MAIN\RELEASE\CRYPT.OBJ
C:\USERS\한창희\DESKTOP\SHERLOCK MAINBOARD 통합본\MAIN\RELEASE\DIALOG1.OBJ
C:\USERS\한창희\DESKTOP\SHERLOCK MAINBOARD 통합본\MAIN\RELEASE\FILECOMPARE.OBJ
C:\USERS\한창희\DESKTOP\SHERLOCK MAINBOARD 통합본\MAIN\RELEASE\FILECOMPAREDLG.OBJ
C:\USERS\한창희\DESKTOP\SHERLOCK MAINBOARD 통합본\MAIN\RELEASE\FILETREAT.OBJ
C:\USERS\한창희\DESKTOP\SHERLOCK MAINBOARD 통합본\MAIN\RELEASE\FWAES.OBJ
C:\USERS\한창희\DESKTOP\SHERLOCK MAINBOARD 통합본\MAIN\RELEASE\FWCRYPT.OBJ
C:\USERS\한창희\DESKTOP\SHERLOCK MAINBOARD 통합본\MAIN\RELEASE\JHBITMAPBUTTON.OBJ
C:\USERS\한창희\DESKTOP\SHERLOCK MAINBOARD 통합본\MAIN\RELEASE\JHCLISTCTRL.OBJ
C:\USERS\한창희\DESKTOP\SHERLOCK MAINBOARD 통합본\MAIN\RELEASE\JHPICTURE.OBJ
C:\USERS\한창희\DESKTOP\SHERLOCK MAINBOARD 통합본\MAIN\RELEASE\MAIN.EXE.INTERMEDIATE.MANIFEST
C:\USERS\한창희\DESKTOP\SHERLOCK MAINBOARD 통합본\MAIN\RELEASE\MAIN.OBJ
C:\USERS\한창희\DESKTOP\SHERLOCK MAINBOARD 통합본\MAIN\RELEASE\MAIN.PCH
C:\USERS\한창희\DESKTOP\SHERLOCK MAINBOARD 통합본\MAIN\RELEASE\MAIN.RES
C:\USERS\한창희\DESKTOP\SHERLOCK MAINBOARD 통합본\MAIN\RELEASE\MAINDLG.OBJ
C:\USERS\한창희\DESKTOP\SHERLOCK MAINBOARD 통합본\MAIN\RELEASE\MODIFYPASSWORD.OBJ
C:\USERS\한창희\DESKTOP\SHERLOCK MAINBOARD 통합본\MAIN\RELEASE\PASSWORD.OBJ
C:\USERS\한창희\DESKTOP\SHERLOCK MAINBOARD 통합본\MAIN\RELEASE\PASSWORDDLG.OBJ
C:\USERS\한창희\DESKTOP\SHERLOCK MAINBOARD 통합본\MAIN\RELEASE\PASSWORDMAIN.OBJ
C:\USERS\한창희\DESKTOP\SHERLOCK MAINBOARD 통합본\MAIN\RELEASE\SAVE.OBJ
C:\USERS\한창희\DESKTOP\SHERLOCK MAINBOARD 통합본\MAIN\RELEASE\SEARCHDLG.OBJ
C:\USERS\한창희\DESKTOP\SHERLOCK MAINBOARD 통합본\MAIN\RELEASE\SORT.OBJ
C:\USERS\한창희\DESKTOP\SHERLOCK MAINBOARD 통합본\MAIN\RELEASE\STDAFX.OBJ
C:\USERS\한창희\DESKTOP\SHERLOCK MAINBOARD 통합본\MAIN\RELEASE\VC100.PDB
C:\USERS\한창희\DESKTOP\SHERLOCK MAINBOARD 통합본\RELEASE\MAIN.EXE
C:\USERS\한창희\DESKTOP\SHERLOCK MAINBOARD 통합본\RELEASE\MAIN.PDB
