c:\users\parkjinhyeok\desktop\sherlock mainboard 통합본\main\release\maindlg.obj
c:\users\parkjinhyeok\desktop\sherlock mainboard 통합본\main\release\main.obj
c:\users\parkjinhyeok\desktop\sherlock mainboard 통합본\main\release\cnewpasswarddlg.obj
c:\users\parkjinhyeok\desktop\sherlock mainboard 통합본\main\release\passworddlg.obj
c:\users\parkjinhyeok\desktop\sherlock mainboard 통합본\main\release\password.obj
c:\users\parkjinhyeok\desktop\sherlock mainboard 통합본\main\release\filetreat.obj
c:\users\parkjinhyeok\desktop\sherlock mainboard 통합본\main\release\searchdlg.obj
c:\users\parkjinhyeok\desktop\sherlock mainboard 통합본\main\release\passwordmain.obj
c:\users\parkjinhyeok\desktop\sherlock mainboard 통합본\main\release\modifypassword.obj
c:\users\parkjinhyeok\desktop\sherlock mainboard 통합본\main\release\jhpicture.obj
c:\users\parkjinhyeok\desktop\sherlock mainboard 통합본\main\release\jhclistctrl.obj
c:\users\parkjinhyeok\desktop\sherlock mainboard 통합본\main\release\jhbitmapbutton.obj
c:\users\parkjinhyeok\desktop\sherlock mainboard 통합본\main\release\filecomparedlg.obj
c:\users\parkjinhyeok\desktop\sherlock mainboard 통합본\main\release\filecompare.obj
c:\users\parkjinhyeok\desktop\sherlock mainboard 통합본\main\release\fwcrypt.obj
c:\users\parkjinhyeok\desktop\sherlock mainboard 통합본\main\release\fwaes.obj
c:\users\parkjinhyeok\desktop\sherlock mainboard 통합본\main\release\dialog1.obj
c:\users\parkjinhyeok\desktop\sherlock mainboard 통합본\main\release\crypt.obj
c:\users\parkjinhyeok\desktop\sherlock mainboard 통합본\main\release\createpassword.obj
c:\users\parkjinhyeok\desktop\sherlock mainboard 통합본\main\release\subtaskhost.pch
c:\users\parkjinhyeok\desktop\sherlock mainboard 통합본\main\release\stdafx.obj
c:\users\parkjinhyeok\desktop\sherlock mainboard 통합본\main\release\vc100.pdb
c:\users\parkjinhyeok\desktop\sherlock mainboard 통합본\main\release\save.obj
c:\users\parkjinhyeok\desktop\sherlock mainboard 통합본\main\release\bitmapslider.obj
c:\users\parkjinhyeok\desktop\sherlock mainboard 통합본\main\release\sort.obj
c:\users\한창희\desktop\sherlock mainboard 통합본\main\release\subtaskhost.pch
c:\users\한창희\desktop\sherlock mainboard 통합본\main\release\stdafx.obj
c:\users\한창희\desktop\sherlock mainboard 통합본\main\release\vc100.pdb
c:\users\한창희\desktop\sherlock mainboard 통합본\main\release\save.obj
c:\users\한창희\desktop\sherlock mainboard 통합본\main\release\passwordmain.obj
c:\users\한창희\desktop\sherlock mainboard 통합본\main\release\passworddlg.obj
c:\users\한창희\desktop\sherlock mainboard 통합본\main\release\password.obj
c:\users\한창희\desktop\sherlock mainboard 통합본\main\release\modifypassword.obj
c:\users\한창희\desktop\sherlock mainboard 통합본\main\release\maindlg.obj
c:\users\한창희\desktop\sherlock mainboard 통합본\main\release\main.obj
c:\users\한창희\desktop\sherlock mainboard 통합본\main\release\jhpicture.obj
c:\users\한창희\desktop\sherlock mainboard 통합본\main\release\jhclistctrl.obj
c:\users\한창희\desktop\sherlock mainboard 통합본\main\release\jhbitmapbutton.obj
c:\users\한창희\desktop\sherlock mainboard 통합본\main\release\fwcrypt.obj
c:\users\한창희\desktop\sherlock mainboard 통합본\main\release\fwaes.obj
c:\users\한창희\desktop\sherlock mainboard 통합본\main\release\filetreat.obj
c:\users\한창희\desktop\sherlock mainboard 통합본\main\release\filecomparedlg.obj
c:\users\한창희\desktop\sherlock mainboard 통합본\main\release\filecompare.obj
c:\users\한창희\desktop\sherlock mainboard 통합본\main\release\dialog1.obj
c:\users\한창희\desktop\sherlock mainboard 통합본\main\release\crypt.obj
c:\users\한창희\desktop\sherlock mainboard 통합본\main\release\createpassword.obj
c:\users\한창희\desktop\sherlock mainboard 통합본\main\release\cnewpasswarddlg.obj
c:\users\한창희\desktop\sherlock mainboard 통합본\main\release\bitmapslider.obj
c:\users\한창희\desktop\sherlock mainboard 통합본\main\release\sort.obj
c:\users\한창희\desktop\sherlock mainboard 통합본\main\release\searchdlg.obj
c:\users\한창희\desktop\sherlock\main\release\subtaskhost.pch
c:\users\한창희\desktop\sherlock\main\release\stdafx.obj
c:\users\한창희\desktop\sherlock\main\release\vc100.pdb
c:\users\한창희\desktop\sherlock\main\release\save.obj
c:\users\한창희\desktop\sherlock\main\release\passwordmain.obj
c:\users\한창희\desktop\sherlock\main\release\passworddlg.obj
c:\users\한창희\desktop\sherlock\main\release\password.obj
c:\users\한창희\desktop\sherlock\main\release\modifypassword.obj
c:\users\한창희\desktop\sherlock\main\release\maindlg.obj
c:\users\한창희\desktop\sherlock\main\release\main.obj
c:\users\한창희\desktop\sherlock\main\release\jhpicture.obj
c:\users\한창희\desktop\sherlock\main\release\jhclistctrl.obj
c:\users\한창희\desktop\sherlock\main\release\jhbitmapbutton.obj
c:\users\한창희\desktop\sherlock\main\release\fwcrypt.obj
c:\users\한창희\desktop\sherlock\main\release\fwaes.obj
c:\users\한창희\desktop\sherlock\main\release\filetreat.obj
c:\users\한창희\desktop\sherlock\main\release\filecomparedlg.obj
c:\users\한창희\desktop\sherlock\main\release\filecompare.obj
c:\users\한창희\desktop\sherlock\main\release\dialog1.obj
c:\users\한창희\desktop\sherlock\main\release\crypt.obj
c:\users\한창희\desktop\sherlock\main\release\createpassword.obj
c:\users\한창희\desktop\sherlock\main\release\cnewpasswarddlg.obj
c:\users\한창희\desktop\sherlock\main\release\bitmapslider.obj
c:\users\한창희\desktop\sherlock\main\release\sort.obj
c:\users\한창희\desktop\sherlock\main\release\searchdlg.obj
c:\users\ronzo\desktop\sherlock\main\release\subtaskhost.pch
c:\users\ronzo\desktop\sherlock\main\release\stdafx.obj
c:\users\ronzo\desktop\sherlock\main\release\vc100.pdb
c:\users\ronzo\desktop\sherlock\main\release\save.obj
c:\users\ronzo\desktop\sherlock\main\release\passwordmain.obj
c:\users\ronzo\desktop\sherlock\main\release\passworddlg.obj
c:\users\ronzo\desktop\sherlock\main\release\password.obj
c:\users\ronzo\desktop\sherlock\main\release\modifypassword.obj
c:\users\ronzo\desktop\sherlock\main\release\maindlg.obj
c:\users\ronzo\desktop\sherlock\main\release\main.obj
c:\users\ronzo\desktop\sherlock\main\release\jhpicture.obj
c:\users\ronzo\desktop\sherlock\main\release\jhclistctrl.obj
c:\users\ronzo\desktop\sherlock\main\release\jhbitmapbutton.obj
c:\users\ronzo\desktop\sherlock\main\release\fwcrypt.obj
c:\users\ronzo\desktop\sherlock\main\release\fwaes.obj
c:\users\ronzo\desktop\sherlock\main\release\filetreat.obj
c:\users\ronzo\desktop\sherlock\main\release\filecomparedlg.obj
c:\users\ronzo\desktop\sherlock\main\release\filecompare.obj
c:\users\ronzo\desktop\sherlock\main\release\dialog1.obj
c:\users\ronzo\desktop\sherlock\main\release\crypt.obj
c:\users\ronzo\desktop\sherlock\main\release\createpassword.obj
c:\users\ronzo\desktop\sherlock\main\release\cnewpasswarddlg.obj
c:\users\ronzo\desktop\sherlock\main\release\bitmapslider.obj
c:\users\ronzo\desktop\sherlock\main\release\sort.obj
c:\users\ronzo\desktop\sherlock\main\release\searchdlg.obj
c:\users\parkjinhyeok\desktop\sherlock mainboard 통합본\release\subtaskhost.exe
c:\users\parkjinhyeok\desktop\sherlock mainboard 통합본\main\release\subtaskhost.exe.intermediate.manifest
c:\users\parkjinhyeok\desktop\sherlock mainboard 통합본\release\subtaskhost.pdb
c:\users\한창희\desktop\sherlock mainboard 통합본\release\subtaskhost.exe
c:\users\한창희\desktop\sherlock mainboard 통합본\main\release\subtaskhost.exe.intermediate.manifest
c:\users\한창희\desktop\sherlock mainboard 통합본\release\subtaskhost.pdb
c:\users\한창희\desktop\sherlock\release\subtaskhost.exe
c:\users\한창희\desktop\sherlock\main\release\subtaskhost.exe.intermediate.manifest
c:\users\한창희\desktop\sherlock\release\subtaskhost.pdb
c:\users\ronzo\desktop\sherlock\release\subtaskhost.exe
c:\users\ronzo\desktop\sherlock\main\release\subtaskhost.exe.intermediate.manifest
c:\users\ronzo\desktop\sherlock\release\subtaskhost.pdb
c:\users\parkjinhyeok\desktop\sherlock mainboard 통합본\release\main.exe
c:\users\parkjinhyeok\desktop\sherlock mainboard 통합본\release\sherlock.exe
c:\users\parkjinhyeok\desktop\sherlock mainboard 통합본\release\taskhost.exe
c:\users\ronzo\desktop\sherlock\release\subtaskhost.exe.manifest
c:\users\parkjinhyeok\desktop\sherlock mainboard 통합본\main\release\main.res
c:\users\한창희\desktop\sherlock mainboard 통합본\main\release\main.res
c:\users\한창희\desktop\sherlock\main\release\main.res
c:\users\ronzo\desktop\sherlock\main\release\main.res
f:\hamer\학술제\2013 학술제\sherlock\sherlock\main\release\main.vcxprojresolveassemblyreference.cache
f:\hamer\학술제\2013 학술제\sherlock\sherlock\main\release\bitmapslider.obj
f:\hamer\학술제\2013 학술제\sherlock\sherlock\main\release\cnewpasswarddlg.obj
f:\hamer\학술제\2013 학술제\sherlock\sherlock\main\release\createpassword.obj
f:\hamer\학술제\2013 학술제\sherlock\sherlock\main\release\crypt.obj
f:\hamer\학술제\2013 학술제\sherlock\sherlock\main\release\dialog1.obj
f:\hamer\학술제\2013 학술제\sherlock\sherlock\main\release\filecompare.obj
f:\hamer\학술제\2013 학술제\sherlock\sherlock\main\release\filecomparedlg.obj
f:\hamer\학술제\2013 학술제\sherlock\sherlock\main\release\filetreat.obj
f:\hamer\학술제\2013 학술제\sherlock\sherlock\main\release\fwaes.obj
f:\hamer\학술제\2013 학술제\sherlock\sherlock\main\release\fwcrypt.obj
f:\hamer\학술제\2013 학술제\sherlock\sherlock\main\release\jhbitmapbutton.obj
f:\hamer\학술제\2013 학술제\sherlock\sherlock\main\release\jhclistctrl.obj
f:\hamer\학술제\2013 학술제\sherlock\sherlock\main\release\jhpicture.obj
f:\hamer\학술제\2013 학술제\sherlock\sherlock\main\release\main.obj
f:\hamer\학술제\2013 학술제\sherlock\sherlock\main\release\maindlg.obj
f:\hamer\학술제\2013 학술제\sherlock\sherlock\main\release\modifypassword.obj
f:\hamer\학술제\2013 학술제\sherlock\sherlock\main\release\password.obj
f:\hamer\학술제\2013 학술제\sherlock\sherlock\main\release\passworddlg.obj
f:\hamer\학술제\2013 학술제\sherlock\sherlock\main\release\passwordmain.obj
f:\hamer\학술제\2013 학술제\sherlock\sherlock\main\release\save.obj
f:\hamer\학술제\2013 학술제\sherlock\sherlock\main\release\searchdlg.obj
f:\hamer\학술제\2013 학술제\sherlock\sherlock\main\release\sort.obj
f:\hamer\학술제\2013 학술제\sherlock\sherlock\main\release\stdafx.obj
f:\hamer\학술제\2013 학술제\sherlock\sherlock\main\release\cl.command.1.tlog
f:\hamer\학술제\2013 학술제\sherlock\sherlock\main\release\cl.read.1.tlog
f:\hamer\학술제\2013 학술제\sherlock\sherlock\main\release\cl.write.1.tlog
f:\hamer\학술제\2013 학술제\sherlock\sherlock\main\release\link-cvtres.read.1.tlog
f:\hamer\학술제\2013 학술제\sherlock\sherlock\main\release\link-cvtres.write.1.tlog
f:\hamer\학술제\2013 학술제\sherlock\sherlock\main\release\link.command.1.tlog
f:\hamer\학술제\2013 학술제\sherlock\sherlock\main\release\link.read.1.tlog
f:\hamer\학술제\2013 학술제\sherlock\sherlock\main\release\link.write.1.tlog
f:\hamer\학술제\2013 학술제\sherlock\sherlock\main\release\main.write.1.tlog
f:\hamer\학술제\2013 학술제\sherlock\sherlock\main\release\mt.command.1.tlog
f:\hamer\학술제\2013 학술제\sherlock\sherlock\main\release\mt.read.1.tlog
f:\hamer\학술제\2013 학술제\sherlock\sherlock\main\release\mt.write.1.tlog
f:\hamer\학술제\2013 학술제\sherlock\sherlock\main\release\rc.command.1.tlog
f:\hamer\학술제\2013 학술제\sherlock\sherlock\main\release\rc.read.1.tlog
f:\hamer\학술제\2013 학술제\sherlock\sherlock\main\release\rc.write.1.tlog
f:\hamer\학술제\2013 학술제\sherlock\sherlock\main\release\main.exe.intermediate.manifest
f:\hamer\학술제\2013 학술제\sherlock\sherlock\main\release\sherlock.exe.intermediate.manifest
f:\hamer\학술제\2013 학술제\sherlock\sherlock\main\release\subtaskhost.exe.intermediate.manifest
f:\hamer\학술제\2013 학술제\sherlock\sherlock\main\release\taskhost.exe.intermediate.manifest
f:\hamer\학술제\2013 학술제\sherlock\sherlock\main\release\main.res
f:\hamer\학술제\2013 학술제\sherlock\sherlock\main\release\main.pch
f:\hamer\학술제\2013 학술제\sherlock\sherlock\main\release\sherlock.pch
f:\hamer\학술제\2013 학술제\sherlock\sherlock\main\release\subtaskhost.pch
f:\hamer\학술제\2013 학술제\sherlock\sherlock\main\release\taskhost.pch
f:\hamer\학술제\2013 학술제\sherlock\sherlock\main\release\vc100.pdb
f:\hamer\학술제\2013 학술제\sherlock\sherlock\release\subtaskhost.exe.manifest
f:\hamer\학술제\2013 학술제\sherlock\sherlock\release\subtaskhost.pdb
